<?xml version="1.0" encoding="UTF-8"?>
<testsuites name="DDT_AmazonLogin_TestSuite" time="25.526" tests="1" failures="0" errors="0">
   <testsuite name="DDT_AmazonLogin_TestSuite" tests="1" failures="0" errors="0" time="25.526" skipped="0" timestamp="10-02-2024T15:13:23" hostname="Mansi - LAPTOP-KUSGAJ61" id="Test Suites/DDT_AmazonLogin_TestSuite">
      <properties>
         <property name="deviceName" value=""/>
         <property name="devicePlatform" value=""/>
         <property name="logFolder" value="C:\\Users\\Mansi\\git\\SI-GuidedProject-705495-1706965358-New\\Reports\\20240210_151316\\DDT_AmazonLogin_TestSuite\\20240210_151316"/>
         <property name="logFiles" value="C:\\Users\\Mansi\\git\\SI-GuidedProject-705495-1706965358-New\\Reports\\20240210_151316\\DDT_AmazonLogin_TestSuite\\20240210_151316\\execution0.log"/>
         <property name="attachments" value=""/>
         <property name="hostName" value="Mansi - LAPTOP-KUSGAJ61"/>
         <property name="os" value="Windows 11 64bit"/>
         <property name="katalonVersion" value="9.2.0.212"/>
         <property name="browser" value="Chrome 121.0.0.0"/>
         <property name="hostAddress" value="192.168.0.104"/>
         <property name="sessionId" value="af632c1d9e0378f4278be54187243fa4"/>
         <property name="seleniumVersion" value="3.141.59"/>
         <property name="proxyInformation" value="ProxyInformation { proxyOption=NO_PROXY, proxyServerType=HTTP, username=, password=********, proxyServerAddress=, proxyServerPort=0, executionList=&quot;&quot;, isApplyToDesiredCapabilities=true }"/>
         <property name="platform" value="Windows 11"/>
      </properties>
      <testcase name="Test Cases/TC_01_Amazon_Login" time="25.142" classname="Test Cases/TC_01_Amazon_Login" status="PASSED">
         <system-out><![CDATA[10-02-2024T15:13:23 - [TEST_CASE][PASSED] - Test Cases/TC_01_Amazon_Login: Test Cases/TC_01_Amazon_Login

10-02-2024T15:13:24 - [TEST_STEP][PASSED] - openBrowser(""): Browser is opened with url: ''

10-02-2024T15:13:24 - [MESSAGE][INFO] - Starting 'Chrome' driver

10-02-2024T15:13:24 - [MESSAGE][INFO] - Action delay is set to 0 milliseconds

10-02-2024T15:13:25 - [MESSAGE][PASSED] - Browser is opened with url: ''

10-02-2024T15:13:25 - [TEST_STEP][PASSED] - navigateToUrl("https://www.amazon.com/"): Navigate to 'https://www.amazon.com/' successfully

10-02-2024T15:13:27 - [MESSAGE][PASSED] - Navigate to 'https://www.amazon.com/' successfully

10-02-2024T15:13:27 - [TEST_STEP][PASSED] - click(findTestObject("Object Repository/Amazon_OR_Login/Page_Amazon.com. Spend less. Smile more/span_All")): Object: 'Object Repository/Amazon_OR_Login/Page_Amazon.com. Spend less. Smile more/span_All' is clicked on

10-02-2024T15:13:35 - [MESSAGE][PASSED] - Object: 'Object Repository/Amazon_OR_Login/Page_Amazon.com. Spend less. Smile more/span_All' is clicked on

10-02-2024T15:13:35 - [TEST_STEP][PASSED] - click(findTestObject("Object Repository/Amazon_OR_Login/Page_Amazon.com. Spend less. Smile more/a_Sign in")): Object: 'Object Repository/Amazon_OR_Login/Page_Amazon.com. Spend less. Smile more/a_Sign in' is clicked on

10-02-2024T15:13:39 - [MESSAGE][PASSED] - Object: 'Object Repository/Amazon_OR_Login/Page_Amazon.com. Spend less. Smile more/a_Sign in' is clicked on

10-02-2024T15:13:39 - [TEST_STEP][PASSED] - setText(findTestObject("Object Repository/Amazon_OR_Login/Page_Amazon Sign-In/input_email"), "hackerrr1236@gmail.com"): Text 'hackerrr1236@gmail.com' is set on object 'Object Repository/Amazon_OR_Login/Page_Amazon Sign-In/input_email'

10-02-2024T15:13:40 - [MESSAGE][PASSED] - Text 'hackerrr1236@gmail.com' is set on object 'Object Repository/Amazon_OR_Login/Page_Amazon Sign-In/input_email'

10-02-2024T15:13:40 - [TEST_STEP][PASSED] - click(findTestObject("Object Repository/Amazon_OR_Login/Page_Amazon Sign-In/inputcontinue")): Object: 'Object Repository/Amazon_OR_Login/Page_Amazon Sign-In/inputcontinue' is clicked on

10-02-2024T15:13:42 - [MESSAGE][PASSED] - Object: 'Object Repository/Amazon_OR_Login/Page_Amazon Sign-In/inputcontinue' is clicked on

10-02-2024T15:13:42 - [TEST_STEP][PASSED] - setEncryptedText(findTestObject("Object Repository/Amazon_OR_Login/Page_Amazon Sign-In/input_password"), "P2D2vg6I5uuiB0kbXouwaA=="): Text ****** has been set on object 'Object Repository/Amazon_OR_Login/Page_Amazon Sign-In/input_password'

10-02-2024T15:13:43 - [MESSAGE][PASSED] - Text ****** has been set on object 'Object Repository/Amazon_OR_Login/Page_Amazon Sign-In/input_password'

10-02-2024T15:13:43 - [TEST_STEP][PASSED] - click(findTestObject("Object Repository/Amazon_OR_Login/Page_Amazon Sign-In/inputsignInSubmit")): Object: 'Object Repository/Amazon_OR_Login/Page_Amazon Sign-In/inputsignInSubmit' is clicked on

10-02-2024T15:13:43 - [MESSAGE][PASSED] - Object: 'Object Repository/Amazon_OR_Login/Page_Amazon Sign-In/inputsignInSubmit' is clicked on

10-02-2024T15:13:43 - [TEST_STEP][PASSED] - click(findTestObject("Object Repository/Amazon_OR_Login/Page_Amazon.com. Spend less. Smile more/a_All")): Object: 'Object Repository/Amazon_OR_Login/Page_Amazon.com. Spend less. Smile more/a_All' is clicked on

10-02-2024T15:13:47 - [MESSAGE][PASSED] - Object: 'Object Repository/Amazon_OR_Login/Page_Amazon.com. Spend less. Smile more/a_All' is clicked on

10-02-2024T15:13:47 - [TEST_STEP][PASSED] - verifyElementText(findTestObject("Object Repository/Amazon_OR_Login/Page_Amazon.com. Spend less. Smile more/a_Sign Out"), "Sign Out"): Actual text and expected text of test object 'Object Repository/Amazon_OR_Login/Page_Amazon.com. Spend less. Smile more/a_Sign Out' are matched.

10-02-2024T15:13:48 - [MESSAGE][PASSED] - Actual text and expected text of test object 'Object Repository/Amazon_OR_Login/Page_Amazon.com. Spend less. Smile more/a_Sign Out' are matched.

10-02-2024T15:13:48 - [TEST_STEP][PASSED] - closeBrowser(): Browser is closed

10-02-2024T15:13:49 - [MESSAGE][PASSED] - Browser is closed]]></system-out>
         <system-err><![CDATA[]]></system-err>
      </testcase>
      <system-out><![CDATA[10-02-2024T15:13:23 - [TEST_SUITE][PASSED] - DDT_AmazonLogin_TestSuite: Test Cases/TC_01_Amazon_Login]]></system-out>
      <system-err><![CDATA[]]></system-err>
   </testsuite>
</testsuites>
